The system is: Linux - 4.15.0-132-generic - x86_64
Compiling the C compiler identification source file "CMakeCCompilerId.c" succeeded.
Compiler: /home/linuxbrew/.linuxbrew/bin/clang 
Build flags: 
Id flags:  

The output was:
0


Compilation of the C compiler identification source "CMakeCCompilerId.c" produced "a.out"

The C compiler identification is Clang, found in "/home/cuongng/enzyme2/enzyme/CMakeFiles/3.20.1/CompilerIdC/a.out"

Compiling the CXX compiler identification source file "CMakeCXXCompilerId.cpp" succeeded.
Compiler: /home/linuxbrew/.linuxbrew/bin/clang++ 
Build flags: 
Id flags:  

The output was:
0


Compilation of the CXX compiler identification source "CMakeCXXCompilerId.cpp" produced "a.out"

The CXX compiler identification is Clang, found in "/home/cuongng/enzyme2/enzyme/CMakeFiles/3.20.1/CompilerIdCXX/a.out"

Detecting C compiler ABI info compiled with the following output:
Change Dir: /home/cuongng/enzyme2/enzyme/CMakeFiles/CMakeTmp

Run Build Command(s):/usr/bin/make -f Makefile cmTC_0274a/fast && /usr/bin/make  -f CMakeFiles/cmTC_0274a.dir/build.make CMakeFiles/cmTC_0274a.dir/build
make[1]: Entering directory '/home/cuongng/enzyme2/enzyme/CMakeFiles/CMakeTmp'
Building C object CMakeFiles/cmTC_0274a.dir/CMakeCCompilerABI.c.o
/home/linuxbrew/.linuxbrew/bin/clang   -v -MD -MT CMakeFiles/cmTC_0274a.dir/CMakeCCompilerABI.c.o -MF CMakeFiles/cmTC_0274a.dir/CMakeCCompilerABI.c.o.d -o CMakeFiles/cmTC_0274a.dir/CMakeCCompilerABI.c.o -c /home/linuxbrew/.linuxbrew/Cellar/cmake/3.20.1/share/cmake/Modules/CMakeCCompilerABI.c
clang version 11.1.0
Target: x86_64-unknown-linux-gnu
Thread model: posix
InstalledDir: /home/linuxbrew/.linuxbrew/bin
Found candidate GCC installation: /usr/lib/gcc/i686-linux-gnu/8
Found candidate GCC installation: /usr/lib/gcc/x86_64-linux-gnu/5
Found candidate GCC installation: /usr/lib/gcc/x86_64-linux-gnu/5.5.0
Found candidate GCC installation: /usr/lib/gcc/x86_64-linux-gnu/6
Found candidate GCC installation: /usr/lib/gcc/x86_64-linux-gnu/6.5.0
Found candidate GCC installation: /usr/lib/gcc/x86_64-linux-gnu/7
Found candidate GCC installation: /usr/lib/gcc/x86_64-linux-gnu/7.5.0
Found candidate GCC installation: /usr/lib/gcc/x86_64-linux-gnu/8
Selected GCC installation: /usr/lib/gcc/x86_64-linux-gnu/7.5.0
Candidate multilib: .;@m64
Selected multilib: .;@m64
Found CUDA installation: /usr/local/cuda, version 9.0
 (in-process)
 "/home/linuxbrew/.linuxbrew/Cellar/llvm/11.1.0_3/bin/clang-11" -cc1 -triple x86_64-unknown-linux-gnu -emit-obj -mrelax-all -disable-free -disable-llvm-verifier -discard-value-names -main-file-name CMakeCCompilerABI.c -mrelocation-model static -mframe-pointer=all -fmath-errno -fno-rounding-math -mconstructor-aliases -munwind-tables -target-cpu x86-64 -fno-split-dwarf-inlining -debugger-tuning=gdb -v -resource-dir /home/linuxbrew/.linuxbrew/Cellar/llvm/11.1.0_3/lib/clang/11.1.0 -dependency-file CMakeFiles/cmTC_0274a.dir/CMakeCCompilerABI.c.o.d -MT CMakeFiles/cmTC_0274a.dir/CMakeCCompilerABI.c.o -sys-header-deps -internal-isystem /usr/local/include -internal-isystem /home/linuxbrew/.linuxbrew/Cellar/llvm/11.1.0_3/lib/clang/11.1.0/include -internal-externc-isystem /usr/include/x86_64-linux-gnu -internal-externc-isystem /include -internal-externc-isystem /usr/include -fdebug-compilation-dir /home/cuongng/enzyme2/enzyme/CMakeFiles/CMakeTmp -ferror-limit 19 -fgnuc-version=4.2.1 -faddrsig -o CMakeFiles/cmTC_0274a.dir/CMakeCCompilerABI.c.o -x c /home/linuxbrew/.linuxbrew/Cellar/cmake/3.20.1/share/cmake/Modules/CMakeCCompilerABI.c
clang -cc1 version 11.1.0 based upon LLVM 11.1.0 default target x86_64-unknown-linux-gnu
ignoring nonexistent directory "/include"
#include "..." search starts here:
#include <...> search starts here:
 /usr/local/include
 /home/linuxbrew/.linuxbrew/Cellar/llvm/11.1.0_3/lib/clang/11.1.0/include
 /usr/include/x86_64-linux-gnu
 /usr/include
End of search list.
Linking C executable cmTC_0274a
/home/linuxbrew/.linuxbrew/Cellar/cmake/3.20.1/bin/cmake -E cmake_link_script CMakeFiles/cmTC_0274a.dir/link.txt --verbose=1
/home/linuxbrew/.linuxbrew/bin/clang  -v -rdynamic CMakeFiles/cmTC_0274a.dir/CMakeCCompilerABI.c.o -o cmTC_0274a 
clang version 11.1.0
Target: x86_64-unknown-linux-gnu
Thread model: posix
InstalledDir: /home/linuxbrew/.linuxbrew/bin
Found candidate GCC installation: /usr/lib/gcc/i686-linux-gnu/8
Found candidate GCC installation: /usr/lib/gcc/x86_64-linux-gnu/5
Found candidate GCC installation: /usr/lib/gcc/x86_64-linux-gnu/5.5.0
Found candidate GCC installation: /usr/lib/gcc/x86_64-linux-gnu/6
Found candidate GCC installation: /usr/lib/gcc/x86_64-linux-gnu/6.5.0
Found candidate GCC installation: /usr/lib/gcc/x86_64-linux-gnu/7
Found candidate GCC installation: /usr/lib/gcc/x86_64-linux-gnu/7.5.0
Found candidate GCC installation: /usr/lib/gcc/x86_64-linux-gnu/8
Selected GCC installation: /usr/lib/gcc/x86_64-linux-gnu/7.5.0
Candidate multilib: .;@m64
Selected multilib: .;@m64
Found CUDA installation: /usr/local/cuda, version 9.0
 "/home/linuxbrew/.linuxbrew/bin/ld" -export-dynamic -z relro --hash-style=gnu --eh-frame-hdr -m elf_x86_64 -export-dynamic -dynamic-linker /lib64/ld-linux-x86-64.so.2 -o cmTC_0274a /usr/lib/gcc/x86_64-linux-gnu/7.5.0/../../../x86_64-linux-gnu/crt1.o /usr/lib/gcc/x86_64-linux-gnu/7.5.0/../../../x86_64-linux-gnu/crti.o /usr/lib/gcc/x86_64-linux-gnu/7.5.0/crtbegin.o -L/usr/lib/gcc/x86_64-linux-gnu/7.5.0 -L/usr/lib/gcc/x86_64-linux-gnu/7.5.0/../../../x86_64-linux-gnu -L/lib/x86_64-linux-gnu -L/lib/../lib64 -L/usr/lib/x86_64-linux-gnu -L/usr/lib/gcc/x86_64-linux-gnu/7.5.0/../../.. -L/home/linuxbrew/.linuxbrew/Cellar/llvm/11.1.0_3/bin/../lib -L/lib -L/usr/lib CMakeFiles/cmTC_0274a.dir/CMakeCCompilerABI.c.o -lgcc --as-needed -lgcc_s --no-as-needed -lc -lgcc --as-needed -lgcc_s --no-as-needed /usr/lib/gcc/x86_64-linux-gnu/7.5.0/crtend.o /usr/lib/gcc/x86_64-linux-gnu/7.5.0/../../../x86_64-linux-gnu/crtn.o
make[1]: Leaving directory '/home/cuongng/enzyme2/enzyme/CMakeFiles/CMakeTmp'



Parsed C implicit include dir info from above output: rv=done
  found start of include info
  found start of implicit include info
    add: [/usr/local/include]
    add: [/home/linuxbrew/.linuxbrew/Cellar/llvm/11.1.0_3/lib/clang/11.1.0/include]
    add: [/usr/include/x86_64-linux-gnu]
    add: [/usr/include]
  end of search list found
  collapse include dir [/usr/local/include] ==> [/usr/local/include]
  collapse include dir [/home/linuxbrew/.linuxbrew/Cellar/llvm/11.1.0_3/lib/clang/11.1.0/include] ==> [/home/linuxbrew/.linuxbrew/Cellar/llvm/11.1.0_3/lib/clang/11.1.0/include]
  collapse include dir [/usr/include/x86_64-linux-gnu] ==> [/usr/include/x86_64-linux-gnu]
  collapse include dir [/usr/include] ==> [/usr/include]
  implicit include dirs: [/usr/local/include;/home/linuxbrew/.linuxbrew/Cellar/llvm/11.1.0_3/lib/clang/11.1.0/include;/usr/include/x86_64-linux-gnu;/usr/include]


Parsed C implicit link information from above output:
  link line regex: [^( *|.*[/\])(ld|CMAKE_LINK_STARTFILE-NOTFOUND|([^/\]+-)?ld|collect2)[^/\]*( |$)]
  ignore line: [Change Dir: /home/cuongng/enzyme2/enzyme/CMakeFiles/CMakeTmp]
  ignore line: []
  ignore line: [Run Build Command(s):/usr/bin/make -f Makefile cmTC_0274a/fast && /usr/bin/make  -f CMakeFiles/cmTC_0274a.dir/build.make CMakeFiles/cmTC_0274a.dir/build]
  ignore line: [make[1]: Entering directory '/home/cuongng/enzyme2/enzyme/CMakeFiles/CMakeTmp']
  ignore line: [Building C object CMakeFiles/cmTC_0274a.dir/CMakeCCompilerABI.c.o]
  ignore line: [/home/linuxbrew/.linuxbrew/bin/clang   -v -MD -MT CMakeFiles/cmTC_0274a.dir/CMakeCCompilerABI.c.o -MF CMakeFiles/cmTC_0274a.dir/CMakeCCompilerABI.c.o.d -o CMakeFiles/cmTC_0274a.dir/CMakeCCompilerABI.c.o -c /home/linuxbrew/.linuxbrew/Cellar/cmake/3.20.1/share/cmake/Modules/CMakeCCompilerABI.c]
  ignore line: [clang version 11.1.0]
  ignore line: [Target: x86_64-unknown-linux-gnu]
  ignore line: [Thread model: posix]
  ignore line: [InstalledDir: /home/linuxbrew/.linuxbrew/bin]
  ignore line: [Found candidate GCC installation: /usr/lib/gcc/i686-linux-gnu/8]
  ignore line: [Found candidate GCC installation: /usr/lib/gcc/x86_64-linux-gnu/5]
  ignore line: [Found candidate GCC installation: /usr/lib/gcc/x86_64-linux-gnu/5.5.0]
  ignore line: [Found candidate GCC installation: /usr/lib/gcc/x86_64-linux-gnu/6]
  ignore line: [Found candidate GCC installation: /usr/lib/gcc/x86_64-linux-gnu/6.5.0]
  ignore line: [Found candidate GCC installation: /usr/lib/gcc/x86_64-linux-gnu/7]
  ignore line: [Found candidate GCC installation: /usr/lib/gcc/x86_64-linux-gnu/7.5.0]
  ignore line: [Found candidate GCC installation: /usr/lib/gcc/x86_64-linux-gnu/8]
  ignore line: [Selected GCC installation: /usr/lib/gcc/x86_64-linux-gnu/7.5.0]
  ignore line: [Candidate multilib: .]
  ignore line: [@m64]
  ignore line: [Selected multilib: .]
  ignore line: [@m64]
  ignore line: [Found CUDA installation: /usr/local/cuda  version 9.0]
  ignore line: [ (in-process)]
  ignore line: [ "/home/linuxbrew/.linuxbrew/Cellar/llvm/11.1.0_3/bin/clang-11" -cc1 -triple x86_64-unknown-linux-gnu -emit-obj -mrelax-all -disable-free -disable-llvm-verifier -discard-value-names -main-file-name CMakeCCompilerABI.c -mrelocation-model static -mframe-pointer=all -fmath-errno -fno-rounding-math -mconstructor-aliases -munwind-tables -target-cpu x86-64 -fno-split-dwarf-inlining -debugger-tuning=gdb -v -resource-dir /home/linuxbrew/.linuxbrew/Cellar/llvm/11.1.0_3/lib/clang/11.1.0 -dependency-file CMakeFiles/cmTC_0274a.dir/CMakeCCompilerABI.c.o.d -MT CMakeFiles/cmTC_0274a.dir/CMakeCCompilerABI.c.o -sys-header-deps -internal-isystem /usr/local/include -internal-isystem /home/linuxbrew/.linuxbrew/Cellar/llvm/11.1.0_3/lib/clang/11.1.0/include -internal-externc-isystem /usr/include/x86_64-linux-gnu -internal-externc-isystem /include -internal-externc-isystem /usr/include -fdebug-compilation-dir /home/cuongng/enzyme2/enzyme/CMakeFiles/CMakeTmp -ferror-limit 19 -fgnuc-version=4.2.1 -faddrsig -o CMakeFiles/cmTC_0274a.dir/CMakeCCompilerABI.c.o -x c /home/linuxbrew/.linuxbrew/Cellar/cmake/3.20.1/share/cmake/Modules/CMakeCCompilerABI.c]
  ignore line: [clang -cc1 version 11.1.0 based upon LLVM 11.1.0 default target x86_64-unknown-linux-gnu]
  ignore line: [ignoring nonexistent directory "/include"]
  ignore line: [#include "..." search starts here:]
  ignore line: [#include <...> search starts here:]
  ignore line: [ /usr/local/include]
  ignore line: [ /home/linuxbrew/.linuxbrew/Cellar/llvm/11.1.0_3/lib/clang/11.1.0/include]
  ignore line: [ /usr/include/x86_64-linux-gnu]
  ignore line: [ /usr/include]
  ignore line: [End of search list.]
  ignore line: [Linking C executable cmTC_0274a]
  ignore line: [/home/linuxbrew/.linuxbrew/Cellar/cmake/3.20.1/bin/cmake -E cmake_link_script CMakeFiles/cmTC_0274a.dir/link.txt --verbose=1]
  ignore line: [/home/linuxbrew/.linuxbrew/bin/clang  -v -rdynamic CMakeFiles/cmTC_0274a.dir/CMakeCCompilerABI.c.o -o cmTC_0274a ]
  ignore line: [clang version 11.1.0]
  ignore line: [Target: x86_64-unknown-linux-gnu]
  ignore line: [Thread model: posix]
  ignore line: [InstalledDir: /home/linuxbrew/.linuxbrew/bin]
  ignore line: [Found candidate GCC installation: /usr/lib/gcc/i686-linux-gnu/8]
  ignore line: [Found candidate GCC installation: /usr/lib/gcc/x86_64-linux-gnu/5]
  ignore line: [Found candidate GCC installation: /usr/lib/gcc/x86_64-linux-gnu/5.5.0]
  ignore line: [Found candidate GCC installation: /usr/lib/gcc/x86_64-linux-gnu/6]
  ignore line: [Found candidate GCC installation: /usr/lib/gcc/x86_64-linux-gnu/6.5.0]
  ignore line: [Found candidate GCC installation: /usr/lib/gcc/x86_64-linux-gnu/7]
  ignore line: [Found candidate GCC installation: /usr/lib/gcc/x86_64-linux-gnu/7.5.0]
  ignore line: [Found candidate GCC installation: /usr/lib/gcc/x86_64-linux-gnu/8]
  ignore line: [Selected GCC installation: /usr/lib/gcc/x86_64-linux-gnu/7.5.0]
  ignore line: [Candidate multilib: .]
  ignore line: [@m64]
  ignore line: [Selected multilib: .]
  ignore line: [@m64]
  ignore line: [Found CUDA installation: /usr/local/cuda  version 9.0]
  link line: [ "/home/linuxbrew/.linuxbrew/bin/ld" -export-dynamic -z relro --hash-style=gnu --eh-frame-hdr -m elf_x86_64 -export-dynamic -dynamic-linker /lib64/ld-linux-x86-64.so.2 -o cmTC_0274a /usr/lib/gcc/x86_64-linux-gnu/7.5.0/../../../x86_64-linux-gnu/crt1.o /usr/lib/gcc/x86_64-linux-gnu/7.5.0/../../../x86_64-linux-gnu/crti.o /usr/lib/gcc/x86_64-linux-gnu/7.5.0/crtbegin.o -L/usr/lib/gcc/x86_64-linux-gnu/7.5.0 -L/usr/lib/gcc/x86_64-linux-gnu/7.5.0/../../../x86_64-linux-gnu -L/lib/x86_64-linux-gnu -L/lib/../lib64 -L/usr/lib/x86_64-linux-gnu -L/usr/lib/gcc/x86_64-linux-gnu/7.5.0/../../.. -L/home/linuxbrew/.linuxbrew/Cellar/llvm/11.1.0_3/bin/../lib -L/lib -L/usr/lib CMakeFiles/cmTC_0274a.dir/CMakeCCompilerABI.c.o -lgcc --as-needed -lgcc_s --no-as-needed -lc -lgcc --as-needed -lgcc_s --no-as-needed /usr/lib/gcc/x86_64-linux-gnu/7.5.0/crtend.o /usr/lib/gcc/x86_64-linux-gnu/7.5.0/../../../x86_64-linux-gnu/crtn.o]
    arg [/home/linuxbrew/.linuxbrew/bin/ld] ==> ignore
    arg [-export-dynamic] ==> ignore
    arg [-zrelro] ==> ignore
    arg [--hash-style=gnu] ==> ignore
    arg [--eh-frame-hdr] ==> ignore
    arg [-m] ==> ignore
    arg [elf_x86_64] ==> ignore
    arg [-export-dynamic] ==> ignore
    arg [-dynamic-linker] ==> ignore
    arg [/lib64/ld-linux-x86-64.so.2] ==> ignore
    arg [-o] ==> ignore
    arg [cmTC_0274a] ==> ignore
    arg [/usr/lib/gcc/x86_64-linux-gnu/7.5.0/../../../x86_64-linux-gnu/crt1.o] ==> obj [/usr/lib/gcc/x86_64-linux-gnu/7.5.0/../../../x86_64-linux-gnu/crt1.o]
    arg [/usr/lib/gcc/x86_64-linux-gnu/7.5.0/../../../x86_64-linux-gnu/crti.o] ==> obj [/usr/lib/gcc/x86_64-linux-gnu/7.5.0/../../../x86_64-linux-gnu/crti.o]
    arg [/usr/lib/gcc/x86_64-linux-gnu/7.5.0/crtbegin.o] ==> obj [/usr/lib/gcc/x86_64-linux-gnu/7.5.0/crtbegin.o]
    arg [-L/usr/lib/gcc/x86_64-linux-gnu/7.5.0] ==> dir [/usr/lib/gcc/x86_64-linux-gnu/7.5.0]
    arg [-L/usr/lib/gcc/x86_64-linux-gnu/7.5.0/../../../x86_64-linux-gnu] ==> dir [/usr/lib/gcc/x86_64-linux-gnu/7.5.0/../../../x86_64-linux-gnu]
    arg [-L/lib/x86_64-linux-gnu] ==> dir [/lib/x86_64-linux-gnu]
    arg [-L/lib/../lib64] ==> dir [/lib/../lib64]
    arg [-L/usr/lib/x86_64-linux-gnu] ==> dir [/usr/lib/x86_64-linux-gnu]
    arg [-L/usr/lib/gcc/x86_64-linux-gnu/7.5.0/../../..] ==> dir [/usr/lib/gcc/x86_64-linux-gnu/7.5.0/../../..]
    arg [-L/home/linuxbrew/.linuxbrew/Cellar/llvm/11.1.0_3/bin/../lib] ==> dir [/home/linuxbrew/.linuxbrew/Cellar/llvm/11.1.0_3/bin/../lib]
    arg [-L/lib] ==> dir [/lib]
    arg [-L/usr/lib] ==> dir [/usr/lib]
    arg [CMakeFiles/cmTC_0274a.dir/CMakeCCompilerABI.c.o] ==> ignore
    arg [-lgcc] ==> lib [gcc]
    arg [--as-needed] ==> ignore
    arg [-lgcc_s] ==> lib [gcc_s]
    arg [--no-as-needed] ==> ignore
    arg [-lc] ==> lib [c]
    arg [-lgcc] ==> lib [gcc]
    arg [--as-needed] ==> ignore
    arg [-lgcc_s] ==> lib [gcc_s]
    arg [--no-as-needed] ==> ignore
    arg [/usr/lib/gcc/x86_64-linux-gnu/7.5.0/crtend.o] ==> obj [/usr/lib/gcc/x86_64-linux-gnu/7.5.0/crtend.o]
    arg [/usr/lib/gcc/x86_64-linux-gnu/7.5.0/../../../x86_64-linux-gnu/crtn.o] ==> obj [/usr/lib/gcc/x86_64-linux-gnu/7.5.0/../../../x86_64-linux-gnu/crtn.o]
  collapse obj [/usr/lib/gcc/x86_64-linux-gnu/7.5.0/../../../x86_64-linux-gnu/crt1.o] ==> [/usr/lib/x86_64-linux-gnu/crt1.o]
  collapse obj [/usr/lib/gcc/x86_64-linux-gnu/7.5.0/../../../x86_64-linux-gnu/crti.o] ==> [/usr/lib/x86_64-linux-gnu/crti.o]
  collapse obj [/usr/lib/gcc/x86_64-linux-gnu/7.5.0/../../../x86_64-linux-gnu/crtn.o] ==> [/usr/lib/x86_64-linux-gnu/crtn.o]
  collapse library dir [/usr/lib/gcc/x86_64-linux-gnu/7.5.0] ==> [/usr/lib/gcc/x86_64-linux-gnu/7.5.0]
  collapse library dir [/usr/lib/gcc/x86_64-linux-gnu/7.5.0/../../../x86_64-linux-gnu] ==> [/usr/lib/x86_64-linux-gnu]
  collapse library dir [/lib/x86_64-linux-gnu] ==> [/lib/x86_64-linux-gnu]
  collapse library dir [/lib/../lib64] ==> [/lib64]
  collapse library dir [/usr/lib/x86_64-linux-gnu] ==> [/usr/lib/x86_64-linux-gnu]
  collapse library dir [/usr/lib/gcc/x86_64-linux-gnu/7.5.0/../../..] ==> [/usr/lib]
  collapse library dir [/home/linuxbrew/.linuxbrew/Cellar/llvm/11.1.0_3/bin/../lib] ==> [/home/linuxbrew/.linuxbrew/Cellar/llvm/11.1.0_3/lib]
  collapse library dir [/lib] ==> [/lib]
  collapse library dir [/usr/lib] ==> [/usr/lib]
  implicit libs: [gcc;gcc_s;c;gcc;gcc_s]
  implicit objs: [/usr/lib/x86_64-linux-gnu/crt1.o;/usr/lib/x86_64-linux-gnu/crti.o;/usr/lib/gcc/x86_64-linux-gnu/7.5.0/crtbegin.o;/usr/lib/gcc/x86_64-linux-gnu/7.5.0/crtend.o;/usr/lib/x86_64-linux-gnu/crtn.o]
  implicit dirs: [/usr/lib/gcc/x86_64-linux-gnu/7.5.0;/usr/lib/x86_64-linux-gnu;/lib/x86_64-linux-gnu;/lib64;/usr/lib;/home/linuxbrew/.linuxbrew/Cellar/llvm/11.1.0_3/lib;/lib]
  implicit fwks: []


Detecting CXX compiler ABI info compiled with the following output:
Change Dir: /home/cuongng/enzyme2/enzyme/CMakeFiles/CMakeTmp

Run Build Command(s):/usr/bin/make -f Makefile cmTC_e05e0/fast && /usr/bin/make  -f CMakeFiles/cmTC_e05e0.dir/build.make CMakeFiles/cmTC_e05e0.dir/build
make[1]: Entering directory '/home/cuongng/enzyme2/enzyme/CMakeFiles/CMakeTmp'
Building CXX object CMakeFiles/cmTC_e05e0.dir/CMakeCXXCompilerABI.cpp.o
/home/linuxbrew/.linuxbrew/bin/clang++   -v -MD -MT CMakeFiles/cmTC_e05e0.dir/CMakeCXXCompilerABI.cpp.o -MF CMakeFiles/cmTC_e05e0.dir/CMakeCXXCompilerABI.cpp.o.d -o CMakeFiles/cmTC_e05e0.dir/CMakeCXXCompilerABI.cpp.o -c /home/linuxbrew/.linuxbrew/Cellar/cmake/3.20.1/share/cmake/Modules/CMakeCXXCompilerABI.cpp
clang version 11.1.0
Target: x86_64-unknown-linux-gnu
Thread model: posix
InstalledDir: /home/linuxbrew/.linuxbrew/bin
Found candidate GCC installation: /usr/lib/gcc/i686-linux-gnu/8
Found candidate GCC installation: /usr/lib/gcc/x86_64-linux-gnu/5
Found candidate GCC installation: /usr/lib/gcc/x86_64-linux-gnu/5.5.0
Found candidate GCC installation: /usr/lib/gcc/x86_64-linux-gnu/6
Found candidate GCC installation: /usr/lib/gcc/x86_64-linux-gnu/6.5.0
Found candidate GCC installation: /usr/lib/gcc/x86_64-linux-gnu/7
Found candidate GCC installation: /usr/lib/gcc/x86_64-linux-gnu/7.5.0
Found candidate GCC installation: /usr/lib/gcc/x86_64-linux-gnu/8
Selected GCC installation: /usr/lib/gcc/x86_64-linux-gnu/7.5.0
Candidate multilib: .;@m64
Selected multilib: .;@m64
Found CUDA installation: /usr/local/cuda, version 9.0
 (in-process)
 "/home/linuxbrew/.linuxbrew/Cellar/llvm/11.1.0_3/bin/clang-11" -cc1 -triple x86_64-unknown-linux-gnu -emit-obj -mrelax-all -disable-free -disable-llvm-verifier -discard-value-names -main-file-name CMakeCXXCompilerABI.cpp -mrelocation-model static -mframe-pointer=all -fmath-errno -fno-rounding-math -mconstructor-aliases -munwind-tables -target-cpu x86-64 -fno-split-dwarf-inlining -debugger-tuning=gdb -v -resource-dir /home/linuxbrew/.linuxbrew/Cellar/llvm/11.1.0_3/lib/clang/11.1.0 -dependency-file CMakeFiles/cmTC_e05e0.dir/CMakeCXXCompilerABI.cpp.o.d -MT CMakeFiles/cmTC_e05e0.dir/CMakeCXXCompilerABI.cpp.o -sys-header-deps -internal-isystem /usr/lib/gcc/x86_64-linux-gnu/7.5.0/../../../../include/c++/7.5.0 -internal-isystem /usr/lib/gcc/x86_64-linux-gnu/7.5.0/../../../../include/x86_64-linux-gnu/c++/7.5.0 -internal-isystem /usr/lib/gcc/x86_64-linux-gnu/7.5.0/../../../../include/x86_64-linux-gnu/c++/7.5.0 -internal-isystem /usr/lib/gcc/x86_64-linux-gnu/7.5.0/../../../../include/c++/7.5.0/backward -internal-isystem /usr/local/include -internal-isystem /home/linuxbrew/.linuxbrew/Cellar/llvm/11.1.0_3/lib/clang/11.1.0/include -internal-externc-isystem /usr/include/x86_64-linux-gnu -internal-externc-isystem /include -internal-externc-isystem /usr/include -fdeprecated-macro -fdebug-compilation-dir /home/cuongng/enzyme2/enzyme/CMakeFiles/CMakeTmp -ferror-limit 19 -fgnuc-version=4.2.1 -fcxx-exceptions -fexceptions -faddrsig -o CMakeFiles/cmTC_e05e0.dir/CMakeCXXCompilerABI.cpp.o -x c++ /home/linuxbrew/.linuxbrew/Cellar/cmake/3.20.1/share/cmake/Modules/CMakeCXXCompilerABI.cpp
clang -cc1 version 11.1.0 based upon LLVM 11.1.0 default target x86_64-unknown-linux-gnu
ignoring nonexistent directory "/include"
ignoring duplicate directory "/usr/lib/gcc/x86_64-linux-gnu/7.5.0/../../../../include/x86_64-linux-gnu/c++/7.5.0"
#include "..." search starts here:
#include <...> search starts here:
 /usr/lib/gcc/x86_64-linux-gnu/7.5.0/../../../../include/c++/7.5.0
 /usr/lib/gcc/x86_64-linux-gnu/7.5.0/../../../../include/x86_64-linux-gnu/c++/7.5.0
 /usr/lib/gcc/x86_64-linux-gnu/7.5.0/../../../../include/c++/7.5.0/backward
 /usr/local/include
 /home/linuxbrew/.linuxbrew/Cellar/llvm/11.1.0_3/lib/clang/11.1.0/include
 /usr/include/x86_64-linux-gnu
 /usr/include
End of search list.
Linking CXX executable cmTC_e05e0
/home/linuxbrew/.linuxbrew/Cellar/cmake/3.20.1/bin/cmake -E cmake_link_script CMakeFiles/cmTC_e05e0.dir/link.txt --verbose=1
/home/linuxbrew/.linuxbrew/bin/clang++  -v -rdynamic CMakeFiles/cmTC_e05e0.dir/CMakeCXXCompilerABI.cpp.o -o cmTC_e05e0 
clang version 11.1.0
Target: x86_64-unknown-linux-gnu
Thread model: posix
InstalledDir: /home/linuxbrew/.linuxbrew/bin
Found candidate GCC installation: /usr/lib/gcc/i686-linux-gnu/8
Found candidate GCC installation: /usr/lib/gcc/x86_64-linux-gnu/5
Found candidate GCC installation: /usr/lib/gcc/x86_64-linux-gnu/5.5.0
Found candidate GCC installation: /usr/lib/gcc/x86_64-linux-gnu/6
Found candidate GCC installation: /usr/lib/gcc/x86_64-linux-gnu/6.5.0
Found candidate GCC installation: /usr/lib/gcc/x86_64-linux-gnu/7
Found candidate GCC installation: /usr/lib/gcc/x86_64-linux-gnu/7.5.0
Found candidate GCC installation: /usr/lib/gcc/x86_64-linux-gnu/8
Selected GCC installation: /usr/lib/gcc/x86_64-linux-gnu/7.5.0
Candidate multilib: .;@m64
Selected multilib: .;@m64
Found CUDA installation: /usr/local/cuda, version 9.0
 "/home/linuxbrew/.linuxbrew/bin/ld" -export-dynamic -z relro --hash-style=gnu --eh-frame-hdr -m elf_x86_64 -export-dynamic -dynamic-linker /lib64/ld-linux-x86-64.so.2 -o cmTC_e05e0 /usr/lib/gcc/x86_64-linux-gnu/7.5.0/../../../x86_64-linux-gnu/crt1.o /usr/lib/gcc/x86_64-linux-gnu/7.5.0/../../../x86_64-linux-gnu/crti.o /usr/lib/gcc/x86_64-linux-gnu/7.5.0/crtbegin.o -L/home/linuxbrew/.linuxbrew/Cellar/llvm/11.1.0_3/bin/../lib/x86_64-unknown-linux-gnu/c++ -L/usr/lib/gcc/x86_64-linux-gnu/7.5.0 -L/usr/lib/gcc/x86_64-linux-gnu/7.5.0/../../../x86_64-linux-gnu -L/lib/x86_64-linux-gnu -L/lib/../lib64 -L/usr/lib/x86_64-linux-gnu -L/usr/lib/gcc/x86_64-linux-gnu/7.5.0/../../.. -L/home/linuxbrew/.linuxbrew/Cellar/llvm/11.1.0_3/bin/../lib -L/lib -L/usr/lib CMakeFiles/cmTC_e05e0.dir/CMakeCXXCompilerABI.cpp.o -lstdc++ -lm -lgcc_s -lgcc -lc -lgcc_s -lgcc /usr/lib/gcc/x86_64-linux-gnu/7.5.0/crtend.o /usr/lib/gcc/x86_64-linux-gnu/7.5.0/../../../x86_64-linux-gnu/crtn.o
make[1]: Leaving directory '/home/cuongng/enzyme2/enzyme/CMakeFiles/CMakeTmp'



Parsed CXX implicit include dir info from above output: rv=done
  found start of include info
  found start of implicit include info
    add: [/usr/lib/gcc/x86_64-linux-gnu/7.5.0/../../../../include/c++/7.5.0]
    add: [/usr/lib/gcc/x86_64-linux-gnu/7.5.0/../../../../include/x86_64-linux-gnu/c++/7.5.0]
    add: [/usr/lib/gcc/x86_64-linux-gnu/7.5.0/../../../../include/c++/7.5.0/backward]
    add: [/usr/local/include]
    add: [/home/linuxbrew/.linuxbrew/Cellar/llvm/11.1.0_3/lib/clang/11.1.0/include]
    add: [/usr/include/x86_64-linux-gnu]
    add: [/usr/include]
  end of search list found
  collapse include dir [/usr/lib/gcc/x86_64-linux-gnu/7.5.0/../../../../include/c++/7.5.0] ==> [/usr/include/c++/7.5.0]
  collapse include dir [/usr/lib/gcc/x86_64-linux-gnu/7.5.0/../../../../include/x86_64-linux-gnu/c++/7.5.0] ==> [/usr/include/x86_64-linux-gnu/c++/7.5.0]
  collapse include dir [/usr/lib/gcc/x86_64-linux-gnu/7.5.0/../../../../include/c++/7.5.0/backward] ==> [/usr/include/c++/7.5.0/backward]
  collapse include dir [/usr/local/include] ==> [/usr/local/include]
  collapse include dir [/home/linuxbrew/.linuxbrew/Cellar/llvm/11.1.0_3/lib/clang/11.1.0/include] ==> [/home/linuxbrew/.linuxbrew/Cellar/llvm/11.1.0_3/lib/clang/11.1.0/include]
  collapse include dir [/usr/include/x86_64-linux-gnu] ==> [/usr/include/x86_64-linux-gnu]
  collapse include dir [/usr/include] ==> [/usr/include]
  implicit include dirs: [/usr/include/c++/7.5.0;/usr/include/x86_64-linux-gnu/c++/7.5.0;/usr/include/c++/7.5.0/backward;/usr/local/include;/home/linuxbrew/.linuxbrew/Cellar/llvm/11.1.0_3/lib/clang/11.1.0/include;/usr/include/x86_64-linux-gnu;/usr/include]


Parsed CXX implicit link information from above output:
  link line regex: [^( *|.*[/\])(ld|CMAKE_LINK_STARTFILE-NOTFOUND|([^/\]+-)?ld|collect2)[^/\]*( |$)]
  ignore line: [Change Dir: /home/cuongng/enzyme2/enzyme/CMakeFiles/CMakeTmp]
  ignore line: []
  ignore line: [Run Build Command(s):/usr/bin/make -f Makefile cmTC_e05e0/fast && /usr/bin/make  -f CMakeFiles/cmTC_e05e0.dir/build.make CMakeFiles/cmTC_e05e0.dir/build]
  ignore line: [make[1]: Entering directory '/home/cuongng/enzyme2/enzyme/CMakeFiles/CMakeTmp']
  ignore line: [Building CXX object CMakeFiles/cmTC_e05e0.dir/CMakeCXXCompilerABI.cpp.o]
  ignore line: [/home/linuxbrew/.linuxbrew/bin/clang++   -v -MD -MT CMakeFiles/cmTC_e05e0.dir/CMakeCXXCompilerABI.cpp.o -MF CMakeFiles/cmTC_e05e0.dir/CMakeCXXCompilerABI.cpp.o.d -o CMakeFiles/cmTC_e05e0.dir/CMakeCXXCompilerABI.cpp.o -c /home/linuxbrew/.linuxbrew/Cellar/cmake/3.20.1/share/cmake/Modules/CMakeCXXCompilerABI.cpp]
  ignore line: [clang version 11.1.0]
  ignore line: [Target: x86_64-unknown-linux-gnu]
  ignore line: [Thread model: posix]
  ignore line: [InstalledDir: /home/linuxbrew/.linuxbrew/bin]
  ignore line: [Found candidate GCC installation: /usr/lib/gcc/i686-linux-gnu/8]
  ignore line: [Found candidate GCC installation: /usr/lib/gcc/x86_64-linux-gnu/5]
  ignore line: [Found candidate GCC installation: /usr/lib/gcc/x86_64-linux-gnu/5.5.0]
  ignore line: [Found candidate GCC installation: /usr/lib/gcc/x86_64-linux-gnu/6]
  ignore line: [Found candidate GCC installation: /usr/lib/gcc/x86_64-linux-gnu/6.5.0]
  ignore line: [Found candidate GCC installation: /usr/lib/gcc/x86_64-linux-gnu/7]
  ignore line: [Found candidate GCC installation: /usr/lib/gcc/x86_64-linux-gnu/7.5.0]
  ignore line: [Found candidate GCC installation: /usr/lib/gcc/x86_64-linux-gnu/8]
  ignore line: [Selected GCC installation: /usr/lib/gcc/x86_64-linux-gnu/7.5.0]
  ignore line: [Candidate multilib: .]
  ignore line: [@m64]
  ignore line: [Selected multilib: .]
  ignore line: [@m64]
  ignore line: [Found CUDA installation: /usr/local/cuda  version 9.0]
  ignore line: [ (in-process)]
  ignore line: [ "/home/linuxbrew/.linuxbrew/Cellar/llvm/11.1.0_3/bin/clang-11" -cc1 -triple x86_64-unknown-linux-gnu -emit-obj -mrelax-all -disable-free -disable-llvm-verifier -discard-value-names -main-file-name CMakeCXXCompilerABI.cpp -mrelocation-model static -mframe-pointer=all -fmath-errno -fno-rounding-math -mconstructor-aliases -munwind-tables -target-cpu x86-64 -fno-split-dwarf-inlining -debugger-tuning=gdb -v -resource-dir /home/linuxbrew/.linuxbrew/Cellar/llvm/11.1.0_3/lib/clang/11.1.0 -dependency-file CMakeFiles/cmTC_e05e0.dir/CMakeCXXCompilerABI.cpp.o.d -MT CMakeFiles/cmTC_e05e0.dir/CMakeCXXCompilerABI.cpp.o -sys-header-deps -internal-isystem /usr/lib/gcc/x86_64-linux-gnu/7.5.0/../../../../include/c++/7.5.0 -internal-isystem /usr/lib/gcc/x86_64-linux-gnu/7.5.0/../../../../include/x86_64-linux-gnu/c++/7.5.0 -internal-isystem /usr/lib/gcc/x86_64-linux-gnu/7.5.0/../../../../include/x86_64-linux-gnu/c++/7.5.0 -internal-isystem /usr/lib/gcc/x86_64-linux-gnu/7.5.0/../../../../include/c++/7.5.0/backward -internal-isystem /usr/local/include -internal-isystem /home/linuxbrew/.linuxbrew/Cellar/llvm/11.1.0_3/lib/clang/11.1.0/include -internal-externc-isystem /usr/include/x86_64-linux-gnu -internal-externc-isystem /include -internal-externc-isystem /usr/include -fdeprecated-macro -fdebug-compilation-dir /home/cuongng/enzyme2/enzyme/CMakeFiles/CMakeTmp -ferror-limit 19 -fgnuc-version=4.2.1 -fcxx-exceptions -fexceptions -faddrsig -o CMakeFiles/cmTC_e05e0.dir/CMakeCXXCompilerABI.cpp.o -x c++ /home/linuxbrew/.linuxbrew/Cellar/cmake/3.20.1/share/cmake/Modules/CMakeCXXCompilerABI.cpp]
  ignore line: [clang -cc1 version 11.1.0 based upon LLVM 11.1.0 default target x86_64-unknown-linux-gnu]
  ignore line: [ignoring nonexistent directory "/include"]
  ignore line: [ignoring duplicate directory "/usr/lib/gcc/x86_64-linux-gnu/7.5.0/../../../../include/x86_64-linux-gnu/c++/7.5.0"]
  ignore line: [#include "..." search starts here:]
  ignore line: [#include <...> search starts here:]
  ignore line: [ /usr/lib/gcc/x86_64-linux-gnu/7.5.0/../../../../include/c++/7.5.0]
  ignore line: [ /usr/lib/gcc/x86_64-linux-gnu/7.5.0/../../../../include/x86_64-linux-gnu/c++/7.5.0]
  ignore line: [ /usr/lib/gcc/x86_64-linux-gnu/7.5.0/../../../../include/c++/7.5.0/backward]
  ignore line: [ /usr/local/include]
  ignore line: [ /home/linuxbrew/.linuxbrew/Cellar/llvm/11.1.0_3/lib/clang/11.1.0/include]
  ignore line: [ /usr/include/x86_64-linux-gnu]
  ignore line: [ /usr/include]
  ignore line: [End of search list.]
  ignore line: [Linking CXX executable cmTC_e05e0]
  ignore line: [/home/linuxbrew/.linuxbrew/Cellar/cmake/3.20.1/bin/cmake -E cmake_link_script CMakeFiles/cmTC_e05e0.dir/link.txt --verbose=1]
  ignore line: [/home/linuxbrew/.linuxbrew/bin/clang++  -v -rdynamic CMakeFiles/cmTC_e05e0.dir/CMakeCXXCompilerABI.cpp.o -o cmTC_e05e0 ]
  ignore line: [clang version 11.1.0]
  ignore line: [Target: x86_64-unknown-linux-gnu]
  ignore line: [Thread model: posix]
  ignore line: [InstalledDir: /home/linuxbrew/.linuxbrew/bin]
  ignore line: [Found candidate GCC installation: /usr/lib/gcc/i686-linux-gnu/8]
  ignore line: [Found candidate GCC installation: /usr/lib/gcc/x86_64-linux-gnu/5]
  ignore line: [Found candidate GCC installation: /usr/lib/gcc/x86_64-linux-gnu/5.5.0]
  ignore line: [Found candidate GCC installation: /usr/lib/gcc/x86_64-linux-gnu/6]
  ignore line: [Found candidate GCC installation: /usr/lib/gcc/x86_64-linux-gnu/6.5.0]
  ignore line: [Found candidate GCC installation: /usr/lib/gcc/x86_64-linux-gnu/7]
  ignore line: [Found candidate GCC installation: /usr/lib/gcc/x86_64-linux-gnu/7.5.0]
  ignore line: [Found candidate GCC installation: /usr/lib/gcc/x86_64-linux-gnu/8]
  ignore line: [Selected GCC installation: /usr/lib/gcc/x86_64-linux-gnu/7.5.0]
  ignore line: [Candidate multilib: .]
  ignore line: [@m64]
  ignore line: [Selected multilib: .]
  ignore line: [@m64]
  ignore line: [Found CUDA installation: /usr/local/cuda  version 9.0]
  link line: [ "/home/linuxbrew/.linuxbrew/bin/ld" -export-dynamic -z relro --hash-style=gnu --eh-frame-hdr -m elf_x86_64 -export-dynamic -dynamic-linker /lib64/ld-linux-x86-64.so.2 -o cmTC_e05e0 /usr/lib/gcc/x86_64-linux-gnu/7.5.0/../../../x86_64-linux-gnu/crt1.o /usr/lib/gcc/x86_64-linux-gnu/7.5.0/../../../x86_64-linux-gnu/crti.o /usr/lib/gcc/x86_64-linux-gnu/7.5.0/crtbegin.o -L/home/linuxbrew/.linuxbrew/Cellar/llvm/11.1.0_3/bin/../lib/x86_64-unknown-linux-gnu/c++ -L/usr/lib/gcc/x86_64-linux-gnu/7.5.0 -L/usr/lib/gcc/x86_64-linux-gnu/7.5.0/../../../x86_64-linux-gnu -L/lib/x86_64-linux-gnu -L/lib/../lib64 -L/usr/lib/x86_64-linux-gnu -L/usr/lib/gcc/x86_64-linux-gnu/7.5.0/../../.. -L/home/linuxbrew/.linuxbrew/Cellar/llvm/11.1.0_3/bin/../lib -L/lib -L/usr/lib CMakeFiles/cmTC_e05e0.dir/CMakeCXXCompilerABI.cpp.o -lstdc++ -lm -lgcc_s -lgcc -lc -lgcc_s -lgcc /usr/lib/gcc/x86_64-linux-gnu/7.5.0/crtend.o /usr/lib/gcc/x86_64-linux-gnu/7.5.0/../../../x86_64-linux-gnu/crtn.o]
    arg [/home/linuxbrew/.linuxbrew/bin/ld] ==> ignore
    arg [-export-dynamic] ==> ignore
    arg [-zrelro] ==> ignore
    arg [--hash-style=gnu] ==> ignore
    arg [--eh-frame-hdr] ==> ignore
    arg [-m] ==> ignore
    arg [elf_x86_64] ==> ignore
    arg [-export-dynamic] ==> ignore
    arg [-dynamic-linker] ==> ignore
    arg [/lib64/ld-linux-x86-64.so.2] ==> ignore
    arg [-o] ==> ignore
    arg [cmTC_e05e0] ==> ignore
    arg [/usr/lib/gcc/x86_64-linux-gnu/7.5.0/../../../x86_64-linux-gnu/crt1.o] ==> obj [/usr/lib/gcc/x86_64-linux-gnu/7.5.0/../../../x86_64-linux-gnu/crt1.o]
    arg [/usr/lib/gcc/x86_64-linux-gnu/7.5.0/../../../x86_64-linux-gnu/crti.o] ==> obj [/usr/lib/gcc/x86_64-linux-gnu/7.5.0/../../../x86_64-linux-gnu/crti.o]
    arg [/usr/lib/gcc/x86_64-linux-gnu/7.5.0/crtbegin.o] ==> obj [/usr/lib/gcc/x86_64-linux-gnu/7.5.0/crtbegin.o]
    arg [-L/home/linuxbrew/.linuxbrew/Cellar/llvm/11.1.0_3/bin/../lib/x86_64-unknown-linux-gnu/c++] ==> dir [/home/linuxbrew/.linuxbrew/Cellar/llvm/11.1.0_3/bin/../lib/x86_64-unknown-linux-gnu/c++]
    arg [-L/usr/lib/gcc/x86_64-linux-gnu/7.5.0] ==> dir [/usr/lib/gcc/x86_64-linux-gnu/7.5.0]
    arg [-L/usr/lib/gcc/x86_64-linux-gnu/7.5.0/../../../x86_64-linux-gnu] ==> dir [/usr/lib/gcc/x86_64-linux-gnu/7.5.0/../../../x86_64-linux-gnu]
    arg [-L/lib/x86_64-linux-gnu] ==> dir [/lib/x86_64-linux-gnu]
    arg [-L/lib/../lib64] ==> dir [/lib/../lib64]
    arg [-L/usr/lib/x86_64-linux-gnu] ==> dir [/usr/lib/x86_64-linux-gnu]
    arg [-L/usr/lib/gcc/x86_64-linux-gnu/7.5.0/../../..] ==> dir [/usr/lib/gcc/x86_64-linux-gnu/7.5.0/../../..]
    arg [-L/home/linuxbrew/.linuxbrew/Cellar/llvm/11.1.0_3/bin/../lib] ==> dir [/home/linuxbrew/.linuxbrew/Cellar/llvm/11.1.0_3/bin/../lib]
    arg [-L/lib] ==> dir [/lib]
    arg [-L/usr/lib] ==> dir [/usr/lib]
    arg [CMakeFiles/cmTC_e05e0.dir/CMakeCXXCompilerABI.cpp.o] ==> ignore
    arg [-lstdc++] ==> lib [stdc++]
    arg [-lm] ==> lib [m]
    arg [-lgcc_s] ==> lib [gcc_s]
    arg [-lgcc] ==> lib [gcc]
    arg [-lc] ==> lib [c]
    arg [-lgcc_s] ==> lib [gcc_s]
    arg [-lgcc] ==> lib [gcc]
    arg [/usr/lib/gcc/x86_64-linux-gnu/7.5.0/crtend.o] ==> obj [/usr/lib/gcc/x86_64-linux-gnu/7.5.0/crtend.o]
    arg [/usr/lib/gcc/x86_64-linux-gnu/7.5.0/../../../x86_64-linux-gnu/crtn.o] ==> obj [/usr/lib/gcc/x86_64-linux-gnu/7.5.0/../../../x86_64-linux-gnu/crtn.o]
  collapse obj [/usr/lib/gcc/x86_64-linux-gnu/7.5.0/../../../x86_64-linux-gnu/crt1.o] ==> [/usr/lib/x86_64-linux-gnu/crt1.o]
  collapse obj [/usr/lib/gcc/x86_64-linux-gnu/7.5.0/../../../x86_64-linux-gnu/crti.o] ==> [/usr/lib/x86_64-linux-gnu/crti.o]
  collapse obj [/usr/lib/gcc/x86_64-linux-gnu/7.5.0/../../../x86_64-linux-gnu/crtn.o] ==> [/usr/lib/x86_64-linux-gnu/crtn.o]
  collapse library dir [/home/linuxbrew/.linuxbrew/Cellar/llvm/11.1.0_3/bin/../lib/x86_64-unknown-linux-gnu/c++] ==> [/home/linuxbrew/.linuxbrew/Cellar/llvm/11.1.0_3/lib/x86_64-unknown-linux-gnu/c++]
  collapse library dir [/usr/lib/gcc/x86_64-linux-gnu/7.5.0] ==> [/usr/lib/gcc/x86_64-linux-gnu/7.5.0]
  collapse library dir [/usr/lib/gcc/x86_64-linux-gnu/7.5.0/../../../x86_64-linux-gnu] ==> [/usr/lib/x86_64-linux-gnu]
  collapse library dir [/lib/x86_64-linux-gnu] ==> [/lib/x86_64-linux-gnu]
  collapse library dir [/lib/../lib64] ==> [/lib64]
  collapse library dir [/usr/lib/x86_64-linux-gnu] ==> [/usr/lib/x86_64-linux-gnu]
  collapse library dir [/usr/lib/gcc/x86_64-linux-gnu/7.5.0/../../..] ==> [/usr/lib]
  collapse library dir [/home/linuxbrew/.linuxbrew/Cellar/llvm/11.1.0_3/bin/../lib] ==> [/home/linuxbrew/.linuxbrew/Cellar/llvm/11.1.0_3/lib]
  collapse library dir [/lib] ==> [/lib]
  collapse library dir [/usr/lib] ==> [/usr/lib]
  implicit libs: [stdc++;m;gcc_s;gcc;c;gcc_s;gcc]
  implicit objs: [/usr/lib/x86_64-linux-gnu/crt1.o;/usr/lib/x86_64-linux-gnu/crti.o;/usr/lib/gcc/x86_64-linux-gnu/7.5.0/crtbegin.o;/usr/lib/gcc/x86_64-linux-gnu/7.5.0/crtend.o;/usr/lib/x86_64-linux-gnu/crtn.o]
  implicit dirs: [/home/linuxbrew/.linuxbrew/Cellar/llvm/11.1.0_3/lib/x86_64-unknown-linux-gnu/c++;/usr/lib/gcc/x86_64-linux-gnu/7.5.0;/usr/lib/x86_64-linux-gnu;/lib/x86_64-linux-gnu;/lib64;/usr/lib;/home/linuxbrew/.linuxbrew/Cellar/llvm/11.1.0_3/lib;/lib]
  implicit fwks: []


