Determining if the function sgemm_ exists failed with the following output:
Change Dir: /Users/ngoccuongnguyen/GitHub/MDP/exec/CMakeFiles/CMakeTmp

Run Build Command(s):/usr/bin/make cmTC_1dba4/fast && /Applications/Xcode.app/Contents/Developer/usr/bin/make  -f CMakeFiles/cmTC_1dba4.dir/build.make CMakeFiles/cmTC_1dba4.dir/build
Building CXX object CMakeFiles/cmTC_1dba4.dir/CheckFunctionExists.cxx.o
/Applications/Xcode.app/Contents/Developer/Toolchains/XcodeDefault.xctoolchain/usr/bin/c++   -DCHECK_FUNCTION_EXISTS=sgemm_ -isysroot /Applications/Xcode.app/Contents/Developer/Platforms/MacOSX.platform/Developer/SDKs/MacOSX11.1.sdk -mmacosx-version-min=10.15 -o CMakeFiles/cmTC_1dba4.dir/CheckFunctionExists.cxx.o -c /Users/ngoccuongnguyen/GitHub/MDP/exec/CMakeFiles/CheckFunctionExists/CheckFunctionExists.cxx
Linking CXX executable cmTC_1dba4
/usr/local/Cellar/cmake/3.18.2/bin/cmake -E cmake_link_script CMakeFiles/cmTC_1dba4.dir/link.txt --verbose=1
/Applications/Xcode.app/Contents/Developer/Toolchains/XcodeDefault.xctoolchain/usr/bin/c++  -DCHECK_FUNCTION_EXISTS=sgemm_ -isysroot /Applications/Xcode.app/Contents/Developer/Platforms/MacOSX.platform/Developer/SDKs/MacOSX11.1.sdk -mmacosx-version-min=10.15 -Wl,-search_paths_first -Wl,-headerpad_max_install_names CMakeFiles/cmTC_1dba4.dir/CheckFunctionExists.cxx.o -o cmTC_1dba4 
Undefined symbols for architecture x86_64:
  "_sgemm_", referenced from:
      _main in CheckFunctionExists.cxx.o
ld: symbol(s) not found for architecture x86_64
clang: error: linker command failed with exit code 1 (use -v to see invocation)
make[1]: *** [cmTC_1dba4] Error 1
make: *** [cmTC_1dba4/fast] Error 2



Determining if the function sgemm_ exists failed with the following output:
Change Dir: /Users/ngoccuongnguyen/GitHub/MDP/exec/CMakeFiles/CMakeTmp

Run Build Command(s):/usr/bin/make cmTC_95b83/fast && /Applications/Xcode.app/Contents/Developer/usr/bin/make  -f CMakeFiles/cmTC_95b83.dir/build.make CMakeFiles/cmTC_95b83.dir/build
Building CXX object CMakeFiles/cmTC_95b83.dir/CheckFunctionExists.cxx.o
/Applications/Xcode.app/Contents/Developer/Toolchains/XcodeDefault.xctoolchain/usr/bin/c++   -DCHECK_FUNCTION_EXISTS=sgemm_ -isysroot /Applications/Xcode.app/Contents/Developer/Platforms/MacOSX.platform/Developer/SDKs/MacOSX11.1.sdk -mmacosx-version-min=10.15 -o CMakeFiles/cmTC_95b83.dir/CheckFunctionExists.cxx.o -c /Users/ngoccuongnguyen/GitHub/MDP/exec/CMakeFiles/CheckFunctionExists/CheckFunctionExists.cxx
Linking CXX executable cmTC_95b83
/usr/local/Cellar/cmake/3.18.2/bin/cmake -E cmake_link_script CMakeFiles/cmTC_95b83.dir/link.txt --verbose=1
/Applications/Xcode.app/Contents/Developer/Toolchains/XcodeDefault.xctoolchain/usr/bin/c++  -DCHECK_FUNCTION_EXISTS=sgemm_ -isysroot /Applications/Xcode.app/Contents/Developer/Platforms/MacOSX.platform/Developer/SDKs/MacOSX11.1.sdk -mmacosx-version-min=10.15 -Wl,-search_paths_first -Wl,-headerpad_max_install_names CMakeFiles/cmTC_95b83.dir/CheckFunctionExists.cxx.o -o cmTC_95b83 
Undefined symbols for architecture x86_64:
  "_sgemm_", referenced from:
      _main in CheckFunctionExists.cxx.o
ld: symbol(s) not found for architecture x86_64
clang: error: linker command failed with exit code 1 (use -v to see invocation)
make[1]: *** [cmTC_95b83] Error 1
make: *** [cmTC_95b83/fast] Error 2



Determining if the function sgemm_ exists failed with the following output:
Change Dir: /Users/ngoccuongnguyen/GitHub/MDP/exec/CMakeFiles/CMakeTmp

Run Build Command(s):/usr/bin/make cmTC_3656e/fast && /Applications/Xcode.app/Contents/Developer/usr/bin/make  -f CMakeFiles/cmTC_3656e.dir/build.make CMakeFiles/cmTC_3656e.dir/build
Building CXX object CMakeFiles/cmTC_3656e.dir/CheckFunctionExists.cxx.o
/Applications/Xcode.app/Contents/Developer/Toolchains/XcodeDefault.xctoolchain/usr/bin/c++   -DCHECK_FUNCTION_EXISTS=sgemm_ -isysroot /Applications/Xcode.app/Contents/Developer/Platforms/MacOSX.platform/Developer/SDKs/MacOSX11.1.sdk -mmacosx-version-min=10.15 -o CMakeFiles/cmTC_3656e.dir/CheckFunctionExists.cxx.o -c /Users/ngoccuongnguyen/GitHub/MDP/exec/CMakeFiles/CheckFunctionExists/CheckFunctionExists.cxx
Linking CXX executable cmTC_3656e
/usr/local/Cellar/cmake/3.18.2/bin/cmake -E cmake_link_script CMakeFiles/cmTC_3656e.dir/link.txt --verbose=1
/Applications/Xcode.app/Contents/Developer/Toolchains/XcodeDefault.xctoolchain/usr/bin/c++  -DCHECK_FUNCTION_EXISTS=sgemm_ -isysroot /Applications/Xcode.app/Contents/Developer/Platforms/MacOSX.platform/Developer/SDKs/MacOSX11.1.sdk -mmacosx-version-min=10.15 -Wl,-search_paths_first -Wl,-headerpad_max_install_names CMakeFiles/cmTC_3656e.dir/CheckFunctionExists.cxx.o -o cmTC_3656e 
Undefined symbols for architecture x86_64:
  "_sgemm_", referenced from:
      _main in CheckFunctionExists.cxx.o
ld: symbol(s) not found for architecture x86_64
clang: error: linker command failed with exit code 1 (use -v to see invocation)
make[1]: *** [cmTC_3656e] Error 1
make: *** [cmTC_3656e/fast] Error 2



Determining if the function sgemm_ exists failed with the following output:
Change Dir: /Users/ngoccuongnguyen/GitHub/MDP/exec/CMakeFiles/CMakeTmp

Run Build Command(s):/usr/bin/make cmTC_7915c/fast && /Applications/Xcode.app/Contents/Developer/usr/bin/make  -f CMakeFiles/cmTC_7915c.dir/build.make CMakeFiles/cmTC_7915c.dir/build
Building CXX object CMakeFiles/cmTC_7915c.dir/CheckFunctionExists.cxx.o
/Applications/Xcode.app/Contents/Developer/Toolchains/XcodeDefault.xctoolchain/usr/bin/c++   -DCHECK_FUNCTION_EXISTS=sgemm_ -isysroot /Applications/Xcode.app/Contents/Developer/Platforms/MacOSX.platform/Developer/SDKs/MacOSX11.1.sdk -mmacosx-version-min=10.15 -o CMakeFiles/cmTC_7915c.dir/CheckFunctionExists.cxx.o -c /Users/ngoccuongnguyen/GitHub/MDP/exec/CMakeFiles/CheckFunctionExists/CheckFunctionExists.cxx
Linking CXX executable cmTC_7915c
/usr/local/Cellar/cmake/3.18.2/bin/cmake -E cmake_link_script CMakeFiles/cmTC_7915c.dir/link.txt --verbose=1
/Applications/Xcode.app/Contents/Developer/Toolchains/XcodeDefault.xctoolchain/usr/bin/c++  -DCHECK_FUNCTION_EXISTS=sgemm_ -isysroot /Applications/Xcode.app/Contents/Developer/Platforms/MacOSX.platform/Developer/SDKs/MacOSX11.1.sdk -mmacosx-version-min=10.15 -Wl,-search_paths_first -Wl,-headerpad_max_install_names CMakeFiles/cmTC_7915c.dir/CheckFunctionExists.cxx.o -o cmTC_7915c 
Undefined symbols for architecture x86_64:
  "_sgemm_", referenced from:
      _main in CheckFunctionExists.cxx.o
ld: symbol(s) not found for architecture x86_64
clang: error: linker command failed with exit code 1 (use -v to see invocation)
make[1]: *** [cmTC_7915c] Error 1
make: *** [cmTC_7915c/fast] Error 2



